<?xml version="1.0" encoding="UTF-8"?>
<!-- Generated by org.testng.reporters.JUnitReportReporter -->
<testsuite hostname="dell-PC" name="co.uk.jpmorgan.SmallTest" tests="2" failures="0" timestamp="18 Sep 2013 00:36:35 GMT" time="29.903" errors="0">
  <testcase name="mobileAppPageTc2" time="13.919" classname="co.uk.jpmorgan.SmallTest"/>
  <testcase name="contactTc1" time="15.984" classname="co.uk.jpmorgan.SmallTest"/>
</testsuite> <!-- co.uk.jpmorgan.SmallTest -->
